<?xml version="1.0" encoding="UTF-8"?>
<!-- Generated by org.testng.reporters.JUnitXMLReporter -->
<testsuite ignored="0" hostname="DESKTOP-2GKR4O7" failures="0" tests="6" name="Default test" time="0.687" errors="0" timestamp="20 Apr 2023 01:36:18 GMT">
  <testcase classname="testcases.user.TestCase02_Login" name="@BeforeClass beforeClass" time="0.0">
    <failure type="org.testng.TestNGException" message="
Parameter &amp;apos;browser&amp;apos; is required by BeforeClass on method beforeClass but has not been marked @Optional or defined
in C:\Users\user-pg\AppData\Local\Temp\testng-eclipse-162088013\testng-customsuite.xml">
      <![CDATA[org.testng.TestNGException: 
Parameter 'browser' is required by BeforeClass on method beforeClass but has not been marked @Optional or defined
in C:\Users\user-pg\AppData\Local\Temp\testng-eclipse-162088013\testng-customsuite.xml
at org.testng.internal.Parameters.createParams(Parameters.java:290)
at org.testng.internal.Parameters.createParametersForMethod(Parameters.java:359)
at org.testng.internal.Parameters.createParameters(Parameters.java:620)
at org.testng.internal.Parameters.createConfigurationParameters(Parameters.java:190)
at org.testng.internal.Invoker.invokeConfigurations(Invoker.java:209)
at org.testng.internal.Invoker.invokeConfigurations(Invoker.java:142)
at org.testng.internal.TestMethodWorker.invokeBeforeClassMethods(TestMethodWorker.java:168)
at org.testng.internal.TestMethodWorker.run(TestMethodWorker.java:105)
at org.testng.TestRunner.privateRun(TestRunner.java:648)
at org.testng.TestRunner.run(TestRunner.java:505)
at org.testng.SuiteRunner.runTest(SuiteRunner.java:455)
at org.testng.SuiteRunner.runSequentially(SuiteRunner.java:450)
at org.testng.SuiteRunner.privateRun(SuiteRunner.java:415)
at org.testng.SuiteRunner.run(SuiteRunner.java:364)
at org.testng.SuiteRunnerWorker.runSuite(SuiteRunnerWorker.java:52)
at org.testng.SuiteRunnerWorker.run(SuiteRunnerWorker.java:84)
at org.testng.TestNG.runSuitesSequentially(TestNG.java:1208)
at org.testng.TestNG.runSuitesLocally(TestNG.java:1137)
at org.testng.TestNG.runSuites(TestNG.java:1049)
at org.testng.TestNG.run(TestNG.java:1017)
at org.testng.remote.AbstractRemoteTestNG.run(AbstractRemoteTestNG.java:115)
at org.testng.remote.RemoteTestNG.initAndRun(RemoteTestNG.java:251)
at org.testng.remote.RemoteTestNG.main(RemoteTestNG.java:77)
]]>
    </failure>
  </testcase> <!-- @BeforeClass beforeClass -->
  <testcase classname="testcases.user.TestCase02_Login" name="User_01_Login_Empty" time="0.0">
    <skipped/>
  </testcase> <!-- User_01_Login_Empty -->
  <testcase classname="testcases.user.TestCase02_Login" name="User_02_Login_Invalid_Email" time="0.0">
    <skipped/>
  </testcase> <!-- User_02_Login_Invalid_Email -->
  <testcase classname="testcases.user.TestCase02_Login" name="User_03_Login_Invalid_Email" time="0.0">
    <skipped/>
  </testcase> <!-- User_03_Login_Invalid_Email -->
  <testcase classname="testcases.user.TestCase02_Login" name="User_04_Login_Blank_Password" time="0.0">
    <skipped/>
  </testcase> <!-- User_04_Login_Blank_Password -->
  <testcase classname="testcases.user.TestCase02_Login" name="User_05_Login_Invalid_Password" time="0.0">
    <skipped/>
  </testcase> <!-- User_05_Login_Invalid_Password -->
  <testcase classname="testcases.user.TestCase02_Login" name="User_06_Login_Not_Registered_Email" time="0.0">
    <skipped/>
  </testcase> <!-- User_06_Login_Not_Registered_Email -->
</testsuite> <!-- Default test -->
