{"name":"User_01_My_Account_Update_Customer","status":"broken","statusDetails":{"known":false,"muted":false,"flaky":false,"message":"Expected condition failed: waiting for visibility of element located by By.cssSelector: div.bar-notification (tried for 30 second(s) with 500 milliseconds interval)","trace":"org.openqa.selenium.TimeoutException: Expected condition failed: waiting for visibility of element located by By.cssSelector: div.bar-notification (tried for 30 second(s) with 500 milliseconds interval)\r\n\tat org.openqa.selenium.support.ui.WebDriverWait.timeoutException(WebDriverWait.java:95)\r\n\tat org.openqa.selenium.support.ui.FluentWait.until(FluentWait.java:272)\r\n\tat commons.BasePage.waitForElementVisible(BasePage.java:483)\r\n\tat pageObject.user.UserMyAccountPO.getNotificationBarText(UserMyAccountPO.java:18)\r\n\tat testcases.user.TestCase03_MyAccount.User_01_My_Account_Update_Customer(TestCase03_MyAccount.java:132)\r\n\tat java.base/jdk.internal.reflect.NativeMethodAccessorImpl.invoke0(Native Method)\r\n\tat java.base/jdk.internal.reflect.NativeMethodAccessorImpl.invoke(NativeMethodAccessorImpl.java:77)\r\n\tat java.base/jdk.internal.reflect.DelegatingMethodAccessorImpl.invoke(DelegatingMethodAccessorImpl.java:43)\r\n\tat java.base/java.lang.reflect.Method.invoke(Method.java:568)\r\n\tat org.testng.internal.MethodInvocationHelper.invokeMethod(MethodInvocationHelper.java:124)\r\n\tat org.testng.internal.Invoker.invokeMethod(Invoker.java:583)\r\n\tat org.testng.internal.Invoker.invokeTestMethod(Invoker.java:719)\r\n\tat org.testng.internal.Invoker.invokeTestMethods(Invoker.java:989)\r\n\tat org.testng.internal.TestMethodWorker.invokeTestMethods(TestMethodWorker.java:125)\r\n\tat org.testng.internal.TestMethodWorker.run(TestMethodWorker.java:109)\r\n\tat org.testng.TestRunner.privateRun(TestRunner.java:648)\r\n\tat org.testng.TestRunner.run(TestRunner.java:505)\r\n\tat org.testng.SuiteRunner.runTest(SuiteRunner.java:455)\r\n\tat org.testng.SuiteRunner.runSequentially(SuiteRunner.java:450)\r\n\tat org.testng.SuiteRunner.privateRun(SuiteRunner.java:415)\r\n\tat org.testng.SuiteRunner.run(SuiteRunner.java:364)\r\n\tat org.testng.SuiteRunnerWorker.runSuite(SuiteRunnerWorker.java:52)\r\n\tat org.testng.SuiteRunnerWorker.run(SuiteRunnerWorker.java:84)\r\n\tat org.testng.TestNG.runSuitesSequentially(TestNG.java:1208)\r\n\tat org.testng.TestNG.runSuitesLocally(TestNG.java:1137)\r\n\tat org.testng.TestNG.runSuites(TestNG.java:1049)\r\n\tat org.testng.TestNG.run(TestNG.java:1017)\r\n\tat org.testng.remote.AbstractRemoteTestNG.run(AbstractRemoteTestNG.java:115)\r\n\tat org.testng.remote.RemoteTestNG.initAndRun(RemoteTestNG.java:251)\r\n\tat org.testng.remote.RemoteTestNG.main(RemoteTestNG.java:77)\r\nCaused by: org.openqa.selenium.NoSuchElementException: Cannot locate an element using css selector=div.bar-notification\nFor documentation on this error, please visit: https://www.seleniumhq.org/exceptions/no_such_element.html\nBuild info: version: '3.141.59', revision: 'e82be7d358', time: '2018-11-14T08:17:03'\nSystem info: host: 'DESKTOP-2GKR4O7', ip: '10.30.10.114', os.name: 'Windows 10', os.arch: 'amd64', os.version: '10.0', java.version: '17.0.6'\nDriver info: driver.version: RemoteWebDriver\r\n\tat org.openqa.selenium.remote.RemoteWebDriver.findElement(RemoteWebDriver.java:327)\r\n\tat org.openqa.selenium.remote.RemoteWebDriver.findElementByCssSelector(RemoteWebDriver.java:420)\r\n\tat org.openqa.selenium.By$ByCssSelector.findElement(By.java:431)\r\n\tat org.openqa.selenium.remote.RemoteWebDriver.findElement(RemoteWebDriver.java:315)\r\n\tat org.openqa.selenium.support.ui.ExpectedConditions$7.apply(ExpectedConditions.java:205)\r\n\tat org.openqa.selenium.support.ui.ExpectedConditions$7.apply(ExpectedConditions.java:201)\r\n\tat org.openqa.selenium.support.ui.FluentWait.until(FluentWait.java:249)\r\n\t... 28 more\r\n"},"stage":"finished","steps":[{"name":"Click to link by header name","status":"passed","stage":"finished","steps":[],"attachments":[],"parameters":[{"name":"driver","value":"ChromeDriver: chrome on WINDOWS (683558d20e0b779ce5bca25c6c336a84)"},{"name":"headerName","value":"My account"}],"start":1682389802518,"stop":1682389803079},{"name":"Check radio button by ID","status":"passed","stage":"finished","steps":[],"attachments":[],"parameters":[{"name":"driver","value":"ChromeDriver: chrome on WINDOWS (683558d20e0b779ce5bca25c6c336a84)"},{"name":"valueRadioButtonID","value":"gender-female"}],"start":1682389803079,"stop":1682389803218},{"name":"Input to Textbox by ID","status":"passed","stage":"finished","steps":[],"attachments":[],"parameters":[{"name":"driver","value":"ChromeDriver: chrome on WINDOWS (683558d20e0b779ce5bca25c6c336a84)"},{"name":"valueTextbox","value":"Automation"},{"name":"textboxID","value":"FirstName"}],"start":1682389803219,"stop":1682389803464},{"name":"Input to Textbox by ID","status":"passed","stage":"finished","steps":[],"attachments":[],"parameters":[{"name":"driver","value":"ChromeDriver: chrome on WINDOWS (683558d20e0b779ce5bca25c6c336a84)"},{"name":"valueTextbox","value":"Automation"},{"name":"textboxID","value":"LastName"}],"start":1682389803464,"stop":1682389803659},{"name":"Select Dropdown by name","status":"passed","stage":"finished","steps":[],"attachments":[],"parameters":[{"name":"driver","value":"ChromeDriver: chrome on WINDOWS (683558d20e0b779ce5bca25c6c336a84)"},{"name":"dropdownName","value":"DateOfBirthDay"},{"name":"itemText","value":"11"}],"start":1682389803659,"stop":1682389803774},{"name":"Select Dropdown by name","status":"passed","stage":"finished","steps":[],"attachments":[],"parameters":[{"name":"driver","value":"ChromeDriver: chrome on WINDOWS (683558d20e0b779ce5bca25c6c336a84)"},{"name":"dropdownName","value":"DateOfBirthMonth"},{"name":"itemText","value":"1"}],"start":1682389803774,"stop":1682389803864},{"name":"Select Dropdown by name","status":"passed","stage":"finished","steps":[],"attachments":[],"parameters":[{"name":"driver","value":"ChromeDriver: chrome on WINDOWS (683558d20e0b779ce5bca25c6c336a84)"},{"name":"dropdownName","value":"DateOfBirthYear"},{"name":"itemText","value":"1996"}],"start":1682389803864,"stop":1682389803967},{"name":"Input to Textbox by ID","status":"passed","stage":"finished","steps":[],"attachments":[],"parameters":[{"name":"driver","value":"ChromeDriver: chrome on WINDOWS (683558d20e0b779ce5bca25c6c336a84)"},{"name":"valueTextbox","value":"automationfc1.vn@gmail.com"},{"name":"textboxID","value":"Email"}],"start":1682389803967,"stop":1682389804228},{"name":"Input to Textbox by ID","status":"passed","stage":"finished","steps":[],"attachments":[],"parameters":[{"name":"driver","value":"ChromeDriver: chrome on WINDOWS (683558d20e0b779ce5bca25c6c336a84)"},{"name":"valueTextbox","value":"Automation FC"},{"name":"textboxID","value":"Company"}],"start":1682389804228,"stop":1682389804419},{"name":"Click to button by text","status":"passed","stage":"finished","steps":[],"attachments":[],"parameters":[{"name":"driver","value":"ChromeDriver: chrome on WINDOWS (683558d20e0b779ce5bca25c6c336a84)"},{"name":"valueButtonText","value":"Save"}],"start":1682389804420,"stop":1682389804948}],"attachments":[],"parameters":[{"name":"url","value":"dev"},{"name":"browser","value":"chrome"}],"start":1682389802512,"stop":1682389844409,"uuid":"046b9f79-693e-42b6-a932-50f7bfba7e0e","historyId":"c721fd58b07471fa9f5ad7eeebd5b7e4","fullName":"testcases.user.TestCase03_MyAccount.User_01_My_Account_Update_Customer","labels":[{"name":"package","value":"testcases.user.TestCase03_MyAccount"},{"name":"testClass","value":"testcases.user.TestCase03_MyAccount"},{"name":"testMethod","value":"User_01_My_Account_Update_Customer"},{"name":"parentSuite","value":"NopCommerce"},{"name":"suite","value":"Run on Chrome"},{"name":"subSuite","value":"testcases.user.TestCase03_MyAccount"},{"name":"host","value":"DESKTOP-2GKR4O7"},{"name":"thread","value":"16804@DESKTOP-2GKR4O7.main(1)"},{"name":"framework","value":"testng"},{"name":"language","value":"java"}],"links":[]}