<!DOCTYPE html>

<html>
  <head>
  <meta charset='utf-8'>
  <title>TestNG reports</title>

    <link type="text/css" href="testng-reports.css" rel="stylesheet" />
    <script type="text/javascript" src="jquery-1.7.1.min.js"></script>
    <script type="text/javascript" src="testng-reports.js"></script>
    <script type="text/javascript" src="https://www.google.com/jsapi"></script>
    <script type='text/javascript'>
      google.load('visualization', '1', {packages:['table']});
      google.setOnLoadCallback(drawTable);
      var suiteTableInitFunctions = new Array();
      var suiteTableData = new Array();
    </script>
    <!--
      <script type="text/javascript" src="jquery-ui/js/jquery-ui-1.8.16.custom.min.js"></script>
     -->
  </head>

  <body>
    <div class="top-banner-root">
      <span class="top-banner-title-font">Test results</span>
      <br/>
      <span class="top-banner-font-1">1 suite, 3 failed tests</span>
    </div> <!-- top-banner-root -->
    <div class="navigator-root">
      <div class="navigator-suite-header">
        <span>All suites</span>
        <a href="#" title="Collapse/expand all the suites" class="collapse-all-link">
          <img src="collapseall.gif" class="collapse-all-icon">
          </img> <!-- collapse-all-icon -->
        </a> <!-- collapse-all-link -->
      </div> <!-- navigator-suite-header -->
      <div class="suite">
        <div class="rounded-window">
          <div class="suite-header light-rounded-window-top">
            <a href="#" panel-name="suite-NopCommerce" class="navigator-link">
              <span class="suite-name border-failed">NopCommerce</span>
            </a> <!-- navigator-link -->
          </div> <!-- suite-header light-rounded-window-top -->
          <div class="navigator-suite-content">
            <div class="suite-section-title">
              <span>Info</span>
            </div> <!-- suite-section-title -->
            <div class="suite-section-content">
              <ul>
                <li>
                  <a href="#" panel-name="test-xml-NopCommerce" class="navigator-link ">
                    <span>F:\selenium-webdriver\nopcommerce\src\test\resources\runPortal.NopCommerceTest.xml</span>
                  </a> <!-- navigator-link  -->
                </li>
                <li>
                  <a href="#" panel-name="testlist-NopCommerce" class="navigator-link ">
                    <span class="test-stats">1 test</span>
                  </a> <!-- navigator-link  -->
                </li>
                <li>
                  <a href="#" panel-name="group-NopCommerce" class="navigator-link ">
                    <span>0 groups</span>
                  </a> <!-- navigator-link  -->
                </li>
                <li>
                  <a href="#" panel-name="times-NopCommerce" class="navigator-link ">
                    <span>Times</span>
                  </a> <!-- navigator-link  -->
                </li>
                <li>
                  <a href="#" panel-name="reporter-NopCommerce" class="navigator-link ">
                    <span>Reporter output</span>
                  </a> <!-- navigator-link  -->
                </li>
                <li>
                  <a href="#" panel-name="ignored-methods-NopCommerce" class="navigator-link ">
                    <span>Ignored methods</span>
                  </a> <!-- navigator-link  -->
                </li>
                <li>
                  <a href="#" panel-name="chronological-NopCommerce" class="navigator-link ">
                    <span>Chronological view</span>
                  </a> <!-- navigator-link  -->
                </li>
              </ul>
            </div> <!-- suite-section-content -->
            <div class="result-section">
              <div class="suite-section-title">
                <span>Results</span>
              </div> <!-- suite-section-title -->
              <div class="suite-section-content">
                <ul>
                  <li>
                    <span class="method-stats">6 methods, 3 failed,   3 passed</span>
                  </li>
                  <li>
                    <span class="method-list-title failed">Failed methods</span>
                    <span class="show-or-hide-methods failed">
                      <a href="#" panel-name="suite-NopCommerce" class="hide-methods failed suite-NopCommerce"> (hide)</a> <!-- hide-methods failed suite-NopCommerce -->
                      <a href="#" panel-name="suite-NopCommerce" class="show-methods failed suite-NopCommerce"> (show)</a> <!-- show-methods failed suite-NopCommerce -->
                    </span>
                    <div class="method-list-content failed suite-NopCommerce">
                      <span>
                        <img src="failed.png" width="3%"/>
                        <a href="#" panel-name="suite-NopCommerce" title="testcases.user.TestCase03_MyAccount" class="method navigator-link" hash-for-method="User_01_My_Account_Update_Customer">User_01_My_Account_Update_Customer</a> <!-- method navigator-link -->
                      </span>
                      <br/>
                      <span>
                        <img src="failed.png" width="3%"/>
                        <a href="#" panel-name="suite-NopCommerce" title="testcases.user.TestCase03_MyAccount" class="method navigator-link" hash-for-method="User_05_Login_Invalid_Password">User_05_Login_Invalid_Password</a> <!-- method navigator-link -->
                      </span>
                      <br/>
                      <span>
                        <img src="failed.png" width="3%"/>
                        <a href="#" panel-name="suite-NopCommerce" title="testcases.user.TestCase03_MyAccount" class="method navigator-link" hash-for-method="User_06_Login_Not_Registered_Email">User_06_Login_Not_Registered_Email</a> <!-- method navigator-link -->
                      </span>
                      <br/>
                    </div> <!-- method-list-content failed suite-NopCommerce -->
                  </li>
                  <li>
                    <span class="method-list-title passed">Passed methods</span>
                    <span class="show-or-hide-methods passed">
                      <a href="#" panel-name="suite-NopCommerce" class="hide-methods passed suite-NopCommerce"> (hide)</a> <!-- hide-methods passed suite-NopCommerce -->
                      <a href="#" panel-name="suite-NopCommerce" class="show-methods passed suite-NopCommerce"> (show)</a> <!-- show-methods passed suite-NopCommerce -->
                    </span>
                    <div class="method-list-content passed suite-NopCommerce">
                      <span>
                        <img src="passed.png" width="3%"/>
                        <a href="#" panel-name="suite-NopCommerce" title="testcases.user.TestCase03_MyAccount" class="method navigator-link" hash-for-method="User_02_Login_Invalid_Email">User_02_Login_Invalid_Email</a> <!-- method navigator-link -->
                      </span>
                      <br/>
                      <span>
                        <img src="passed.png" width="3%"/>
                        <a href="#" panel-name="suite-NopCommerce" title="testcases.user.TestCase03_MyAccount" class="method navigator-link" hash-for-method="User_03_Login_Invalid_Email">User_03_Login_Invalid_Email</a> <!-- method navigator-link -->
                      </span>
                      <br/>
                      <span>
                        <img src="passed.png" width="3%"/>
                        <a href="#" panel-name="suite-NopCommerce" title="testcases.user.TestCase03_MyAccount" class="method navigator-link" hash-for-method="User_04_Login_Blank_Password">User_04_Login_Blank_Password</a> <!-- method navigator-link -->
                      </span>
                      <br/>
                    </div> <!-- method-list-content passed suite-NopCommerce -->
                  </li>
                </ul>
              </div> <!-- suite-section-content -->
            </div> <!-- result-section -->
          </div> <!-- navigator-suite-content -->
        </div> <!-- rounded-window -->
      </div> <!-- suite -->
    </div> <!-- navigator-root -->
    <div class="wrapper">
      <div class="main-panel-root">
        <div panel-name="suite-NopCommerce" class="panel NopCommerce">
          <div class="suite-NopCommerce-class-failed">
            <div class="main-panel-header rounded-window-top">
              <img src="failed.png"/>
              <span class="class-name">testcases.user.TestCase03_MyAccount</span>
            </div> <!-- main-panel-header rounded-window-top -->
            <div class="main-panel-content rounded-window-bottom">
              <div class="method">
                <div class="method-content">
                  <a name="User_01_My_Account_Update_Customer">
                  </a> <!-- User_01_My_Account_Update_Customer -->
                  <span class="method-name">User_01_My_Account_Update_Customer</span>
                  <div class="stack-trace">org.openqa.selenium.NoSuchElementException: Cannot locate option with value: 01
For documentation on this error, please visit: https://www.seleniumhq.org/exceptions/no_such_element.html
Build info: version: &apos;3.141.59&apos;, revision: &apos;e82be7d358&apos;, time: &apos;2018-11-14T08:17:03&apos;
System info: host: &apos;DESKTOP-2GKR4O7&apos;, ip: &apos;10.30.10.114&apos;, os.name: &apos;Windows 10&apos;, os.arch: &apos;amd64&apos;, os.version: &apos;10.0&apos;, java.version: &apos;17.0.6&apos;
Driver info: driver.version: unknown
	at org.openqa.selenium.support.ui.Select.findOptionsByValue(Select.java:283)
	at org.openqa.selenium.support.ui.Select.selectByValue(Select.java:186)
	at commons.BasePage.selectItemInDefaultDropdown(BasePage.java:200)
	at commons.BasePage.selectDropDownByName(BasePage.java:545)
	at testcases.user.TestCase03_MyAccount.User_01_My_Account_Update_Customer(TestCase03_MyAccount.java:120)
... Removed 25 stack frames
</div> <!-- stack-trace -->
                </div> <!-- method-content -->
              </div> <!-- method -->
              <div class="method">
                <div class="method-content">
                  <a name="User_05_Login_Invalid_Password">
                  </a> <!-- User_05_Login_Invalid_Password -->
                  <span class="method-name">User_05_Login_Invalid_Password</span>
                  <div class="stack-trace">org.openqa.selenium.TimeoutException: Expected condition failed: waiting for visibility of element located by By.xpath: //input[@id=&apos;Password&apos;] (tried for 30 second(s) with 500 milliseconds interval)
	at org.openqa.selenium.support.ui.WebDriverWait.timeoutException(WebDriverWait.java:95)
	at org.openqa.selenium.support.ui.FluentWait.until(FluentWait.java:272)
	at commons.BasePage.waitForElementVisible(BasePage.java:488)
	at commons.BasePage.inputToTextboxByID(BasePage.java:539)
	at testcases.user.TestCase03_MyAccount.User_05_Login_Invalid_Password(TestCase03_MyAccount.java:173)
Caused by: org.openqa.selenium.NoSuchElementException: no such element: Unable to locate element: {&quot;method&quot;:&quot;xpath&quot;,&quot;selector&quot;:&quot;//input[@id=&apos;Password&apos;]&quot;}
  (Session info: chrome=112.0.5615.138)
For documentation on this error, please visit: https://www.seleniumhq.org/exceptions/no_such_element.html
Build info: version: &apos;3.141.59&apos;, revision: &apos;e82be7d358&apos;, time: &apos;2018-11-14T08:17:03&apos;
System info: host: &apos;DESKTOP-2GKR4O7&apos;, ip: &apos;10.30.10.114&apos;, os.name: &apos;Windows 10&apos;, os.arch: &apos;amd64&apos;, os.version: &apos;10.0&apos;, java.version: &apos;17.0.6&apos;
Driver info: org.openqa.selenium.chrome.ChromeDriver
Capabilities {acceptInsecureCerts: false, browserName: chrome, browserVersion: 112.0.5615.138, chrome: {chromedriverVersion: 112.0.5615.49 (bd2a7bcb881c..., userDataDir: C:\Users\user-pg\AppData\Lo...}, goog:chromeOptions: {debuggerAddress: localhost:57248}, javascriptEnabled: true, networkConnectionEnabled: false, pageLoadStrategy: normal, platform: WINDOWS, platformName: WINDOWS, proxy: Proxy(), setWindowRect: true, strictFileInteractability: false, timeouts: {implicit: 0, pageLoad: 300000, script: 30000}, unhandledPromptBehavior: dismiss and notify, webauthn:extension:credBlob: true, webauthn:extension:largeBlob: true, webauthn:extension:minPinLength: true, webauthn:extension:prf: true, webauthn:virtualAuthenticators: true}
Session ID: 1a785c3eabcf604c09a1a1f4502dbb4b
*** Element info: {Using=xpath, value=//input[@id=&apos;Password&apos;]}
	at org.openqa.selenium.remote.http.W3CHttpResponseCodec.createException(W3CHttpResponseCodec.java:187)
	at org.openqa.selenium.remote.http.W3CHttpResponseCodec.decode(W3CHttpResponseCodec.java:122)
	at org.openqa.selenium.remote.http.W3CHttpResponseCodec.decode(W3CHttpResponseCodec.java:49)
	at org.openqa.selenium.remote.HttpCommandExecutor.execute(HttpCommandExecutor.java:158)
	at org.openqa.selenium.remote.service.DriverCommandExecutor.execute(DriverCommandExecutor.java:83)
	at org.openqa.selenium.remote.RemoteWebDriver.execute(RemoteWebDriver.java:552)
	at org.openqa.selenium.remote.RemoteWebDriver.findElement(RemoteWebDriver.java:323)
	at org.openqa.selenium.remote.RemoteWebDriver.findElementByXPath(RemoteWebDriver.java:428)
	at org.openqa.selenium.By$ByXPath.findElement(By.java:353)
	at org.openqa.selenium.remote.RemoteWebDriver.findElement(RemoteWebDriver.java:315)
	at org.openqa.selenium.support.ui.ExpectedConditions$7.apply(ExpectedConditions.java:205)
	at org.openqa.selenium.support.ui.ExpectedConditions$7.apply(ExpectedConditions.java:201)
	at org.openqa.selenium.support.ui.FluentWait.until(FluentWait.java:249)
	... 28 more
... Removed 30 stack frames
</div> <!-- stack-trace -->
                </div> <!-- method-content -->
              </div> <!-- method -->
              <div class="method">
                <div class="method-content">
                  <a name="User_06_Login_Not_Registered_Email">
                  </a> <!-- User_06_Login_Not_Registered_Email -->
                  <span class="method-name">User_06_Login_Not_Registered_Email</span>
                  <div class="stack-trace">org.openqa.selenium.TimeoutException: Expected condition failed: waiting for visibility of element located by By.xpath: //input[@id=&apos;Password&apos;] (tried for 30 second(s) with 500 milliseconds interval)
	at org.openqa.selenium.support.ui.WebDriverWait.timeoutException(WebDriverWait.java:95)
	at org.openqa.selenium.support.ui.FluentWait.until(FluentWait.java:272)
	at commons.BasePage.waitForElementVisible(BasePage.java:488)
	at commons.BasePage.inputToTextboxByID(BasePage.java:539)
	at testcases.user.TestCase03_MyAccount.User_06_Login_Not_Registered_Email(TestCase03_MyAccount.java:186)
Caused by: org.openqa.selenium.NoSuchElementException: no such element: Unable to locate element: {&quot;method&quot;:&quot;xpath&quot;,&quot;selector&quot;:&quot;//input[@id=&apos;Password&apos;]&quot;}
  (Session info: chrome=112.0.5615.138)
For documentation on this error, please visit: https://www.seleniumhq.org/exceptions/no_such_element.html
Build info: version: &apos;3.141.59&apos;, revision: &apos;e82be7d358&apos;, time: &apos;2018-11-14T08:17:03&apos;
System info: host: &apos;DESKTOP-2GKR4O7&apos;, ip: &apos;10.30.10.114&apos;, os.name: &apos;Windows 10&apos;, os.arch: &apos;amd64&apos;, os.version: &apos;10.0&apos;, java.version: &apos;17.0.6&apos;
Driver info: org.openqa.selenium.chrome.ChromeDriver
Capabilities {acceptInsecureCerts: false, browserName: chrome, browserVersion: 112.0.5615.138, chrome: {chromedriverVersion: 112.0.5615.49 (bd2a7bcb881c..., userDataDir: C:\Users\user-pg\AppData\Lo...}, goog:chromeOptions: {debuggerAddress: localhost:57248}, javascriptEnabled: true, networkConnectionEnabled: false, pageLoadStrategy: normal, platform: WINDOWS, platformName: WINDOWS, proxy: Proxy(), setWindowRect: true, strictFileInteractability: false, timeouts: {implicit: 0, pageLoad: 300000, script: 30000}, unhandledPromptBehavior: dismiss and notify, webauthn:extension:credBlob: true, webauthn:extension:largeBlob: true, webauthn:extension:minPinLength: true, webauthn:extension:prf: true, webauthn:virtualAuthenticators: true}
Session ID: 1a785c3eabcf604c09a1a1f4502dbb4b
*** Element info: {Using=xpath, value=//input[@id=&apos;Password&apos;]}
	at org.openqa.selenium.remote.http.W3CHttpResponseCodec.createException(W3CHttpResponseCodec.java:187)
	at org.openqa.selenium.remote.http.W3CHttpResponseCodec.decode(W3CHttpResponseCodec.java:122)
	at org.openqa.selenium.remote.http.W3CHttpResponseCodec.decode(W3CHttpResponseCodec.java:49)
	at org.openqa.selenium.remote.HttpCommandExecutor.execute(HttpCommandExecutor.java:158)
	at org.openqa.selenium.remote.service.DriverCommandExecutor.execute(DriverCommandExecutor.java:83)
	at org.openqa.selenium.remote.RemoteWebDriver.execute(RemoteWebDriver.java:552)
	at org.openqa.selenium.remote.RemoteWebDriver.findElement(RemoteWebDriver.java:323)
	at org.openqa.selenium.remote.RemoteWebDriver.findElementByXPath(RemoteWebDriver.java:428)
	at org.openqa.selenium.By$ByXPath.findElement(By.java:353)
	at org.openqa.selenium.remote.RemoteWebDriver.findElement(RemoteWebDriver.java:315)
	at org.openqa.selenium.support.ui.ExpectedConditions$7.apply(ExpectedConditions.java:205)
	at org.openqa.selenium.support.ui.ExpectedConditions$7.apply(ExpectedConditions.java:201)
	at org.openqa.selenium.support.ui.FluentWait.until(FluentWait.java:249)
	... 28 more
... Removed 30 stack frames
</div> <!-- stack-trace -->
                </div> <!-- method-content -->
              </div> <!-- method -->
            </div> <!-- main-panel-content rounded-window-bottom -->
          </div> <!-- suite-NopCommerce-class-failed -->
          <div class="suite-NopCommerce-class-passed">
            <div class="main-panel-header rounded-window-top">
              <img src="passed.png"/>
              <span class="class-name">testcases.user.TestCase03_MyAccount</span>
            </div> <!-- main-panel-header rounded-window-top -->
            <div class="main-panel-content rounded-window-bottom">
              <div class="method">
                <div class="method-content">
                  <a name="User_02_Login_Invalid_Email">
                  </a> <!-- User_02_Login_Invalid_Email -->
                  <span class="method-name">User_02_Login_Invalid_Email</span>
                </div> <!-- method-content -->
              </div> <!-- method -->
              <div class="method">
                <div class="method-content">
                  <a name="User_03_Login_Invalid_Email">
                  </a> <!-- User_03_Login_Invalid_Email -->
                  <span class="method-name">User_03_Login_Invalid_Email</span>
                </div> <!-- method-content -->
              </div> <!-- method -->
              <div class="method">
                <div class="method-content">
                  <a name="User_04_Login_Blank_Password">
                  </a> <!-- User_04_Login_Blank_Password -->
                  <span class="method-name">User_04_Login_Blank_Password</span>
                </div> <!-- method-content -->
              </div> <!-- method -->
            </div> <!-- main-panel-content rounded-window-bottom -->
          </div> <!-- suite-NopCommerce-class-passed -->
        </div> <!-- panel NopCommerce -->
        <div panel-name="test-xml-NopCommerce" class="panel">
          <div class="main-panel-header rounded-window-top">
            <span class="header-content">F:\selenium-webdriver\nopcommerce\src\test\resources\runPortal.NopCommerceTest.xml</span>
          </div> <!-- main-panel-header rounded-window-top -->
          <div class="main-panel-content rounded-window-bottom">
            <pre>
&lt;?xml version=&quot;1.0&quot; encoding=&quot;UTF-8&quot;?&gt;
&lt;!DOCTYPE suite SYSTEM &quot;http://testng.org/testng-1.0.dtd&quot;&gt;
&lt;suite name=&quot;NopCommerce&quot; guice-stage=&quot;DEVELOPMENT&quot;&gt;
  &lt;parameter name=&quot;browser&quot; value=&quot;chrome&quot;/&gt;
  &lt;parameter name=&quot;url&quot; value=&quot;dev&quot;/&gt;
  &lt;test thread-count=&quot;5&quot; name=&quot;Run on Chrome&quot;&gt;
    &lt;classes&gt;
      &lt;class name=&quot;testcases.user.TestCase03_MyAccount&quot;/&gt;
    &lt;/classes&gt;
  &lt;/test&gt; &lt;!-- Run on Chrome --&gt;
&lt;/suite&gt; &lt;!-- NopCommerce --&gt;
            </pre>
          </div> <!-- main-panel-content rounded-window-bottom -->
        </div> <!-- panel -->
        <div panel-name="testlist-NopCommerce" class="panel">
          <div class="main-panel-header rounded-window-top">
            <span class="header-content">Tests for NopCommerce</span>
          </div> <!-- main-panel-header rounded-window-top -->
          <div class="main-panel-content rounded-window-bottom">
            <ul>
              <li>
                <span class="test-name">Run on Chrome (1 class)</span>
              </li>
            </ul>
          </div> <!-- main-panel-content rounded-window-bottom -->
        </div> <!-- panel -->
        <div panel-name="group-NopCommerce" class="panel">
          <div class="main-panel-header rounded-window-top">
            <span class="header-content">Groups for NopCommerce</span>
          </div> <!-- main-panel-header rounded-window-top -->
          <div class="main-panel-content rounded-window-bottom">
          </div> <!-- main-panel-content rounded-window-bottom -->
        </div> <!-- panel -->
        <div panel-name="times-NopCommerce" class="panel">
          <div class="main-panel-header rounded-window-top">
            <span class="header-content">Times for NopCommerce</span>
          </div> <!-- main-panel-header rounded-window-top -->
          <div class="main-panel-content rounded-window-bottom">
            <div class="times-div">
              <script type="text/javascript">
suiteTableInitFunctions.push('tableData_NopCommerce');
function tableData_NopCommerce() {
var data = new google.visualization.DataTable();
data.addColumn('number', 'Number');
data.addColumn('string', 'Method');
data.addColumn('string', 'Class');
data.addColumn('number', 'Time (ms)');
data.addRows(6);
data.setCell(0, 0, 0)
data.setCell(0, 1, 'User_05_Login_Invalid_Password')
data.setCell(0, 2, 'testcases.user.TestCase03_MyAccount')
data.setCell(0, 3, 40806);
data.setCell(1, 0, 1)
data.setCell(1, 1, 'User_06_Login_Not_Registered_Email')
data.setCell(1, 2, 'testcases.user.TestCase03_MyAccount')
data.setCell(1, 3, 40758);
data.setCell(2, 0, 2)
data.setCell(2, 1, 'User_01_My_Account_Update_Customer')
data.setCell(2, 2, 'testcases.user.TestCase03_MyAccount')
data.setCell(2, 3, 21183);
data.setCell(3, 0, 3)
data.setCell(3, 1, 'User_04_Login_Blank_Password')
data.setCell(3, 2, 'testcases.user.TestCase03_MyAccount')
data.setCell(3, 3, 21);
data.setCell(4, 0, 4)
data.setCell(4, 1, 'User_03_Login_Invalid_Email')
data.setCell(4, 2, 'testcases.user.TestCase03_MyAccount')
data.setCell(4, 3, 11);
data.setCell(5, 0, 5)
data.setCell(5, 1, 'User_02_Login_Invalid_Email')
data.setCell(5, 2, 'testcases.user.TestCase03_MyAccount')
data.setCell(5, 3, 4);
window.suiteTableData['NopCommerce']= { tableData: data, tableDiv: 'times-div-NopCommerce'}
return data;
}
              </script>
              <span class="suite-total-time">Total running time: 1 minutes</span>
              <div id="times-div-NopCommerce">
              </div> <!-- times-div-NopCommerce -->
            </div> <!-- times-div -->
          </div> <!-- main-panel-content rounded-window-bottom -->
        </div> <!-- panel -->
        <div panel-name="reporter-NopCommerce" class="panel">
          <div class="main-panel-header rounded-window-top">
            <span class="header-content">Reporter output for NopCommerce</span>
          </div> <!-- main-panel-header rounded-window-top -->
          <div class="main-panel-content rounded-window-bottom">
          </div> <!-- main-panel-content rounded-window-bottom -->
        </div> <!-- panel -->
        <div panel-name="ignored-methods-NopCommerce" class="panel">
          <div class="main-panel-header rounded-window-top">
            <span class="header-content">0 ignored methods</span>
          </div> <!-- main-panel-header rounded-window-top -->
          <div class="main-panel-content rounded-window-bottom">
          </div> <!-- main-panel-content rounded-window-bottom -->
        </div> <!-- panel -->
        <div panel-name="chronological-NopCommerce" class="panel">
          <div class="main-panel-header rounded-window-top">
            <span class="header-content">Methods in chronological order</span>
          </div> <!-- main-panel-header rounded-window-top -->
          <div class="main-panel-content rounded-window-bottom">
            <div class="chronological-class">
              <div class="chronological-class-name">testcases.user.TestCase03_MyAccount</div> <!-- chronological-class-name -->
              <div class="configuration-class before">
                <span class="method-name">beforeClass(chrome, dev)</span>
                <span class="method-start">0 ms</span>
              </div> <!-- configuration-class before -->
              <div class="test-method">
                <img src="failed.png">
                </img>
                <span class="method-name">User_01_My_Account_Update_Customer</span>
                <span class="method-start">12142 ms</span>
              </div> <!-- test-method -->
              <div class="test-method">
                <span class="method-name">User_02_Login_Invalid_Email</span>
                <span class="method-start">34977 ms</span>
              </div> <!-- test-method -->
              <div class="test-method">
                <span class="method-name">User_03_Login_Invalid_Email</span>
                <span class="method-start">35091 ms</span>
              </div> <!-- test-method -->
              <div class="test-method">
                <span class="method-name">User_04_Login_Blank_Password</span>
                <span class="method-start">35106 ms</span>
              </div> <!-- test-method -->
              <div class="test-method">
                <img src="failed.png">
                </img>
                <span class="method-name">User_05_Login_Invalid_Password</span>
                <span class="method-start">35133 ms</span>
              </div> <!-- test-method -->
              <div class="test-method">
                <img src="failed.png">
                </img>
                <span class="method-name">User_06_Login_Not_Registered_Email</span>
                <span class="method-start">75950 ms</span>
              </div> <!-- test-method -->
          </div> <!-- main-panel-content rounded-window-bottom -->
        </div> <!-- panel -->
      </div> <!-- main-panel-root -->
    </div> <!-- wrapper -->
  </body>
</html>
